[2023-02-09 11:02:53] local.INFO: Previous URL Handle: http://localhost/ansar_operation_web/ansar_operation_web/operation  
[2023-02-09 11:02:54] local.INFO: Previous URL Handle: http://localhost/ansar_operation_web/ansar_operation_web/operation  
[2023-02-09 16:35:47] local.INFO: Previous URL Handle: http://localhost/ansar_operation_web/ansar_operation_web  
[2023-02-09 16:35:47] local.INFO: Previous URL Handle: http://localhost/ansar_operation_web/ansar_operation_web  
[2023-02-09 16:38:13] local.ERROR: ErrorException: Undefined property: stdClass::$union_name in D:\xampp\htdocs\ansar_operation_web\ansar_operation_web\local\storage\framework\views\c928dc78e57460ddc03167503e4ed102d292375d.php:54
Stack trace:
#0 D:\xampp\htdocs\ansar_operation_web\ansar_operation_web\local\vendor\sentry\sentry\lib\Raven\Breadcrumbs\ErrorHandler.php(34): Illuminate\Foundation\Bootstrap\HandleExceptions->handleError(8, 'Undefined prope...', 'D:\\xampp\\htdocs...', 54, Array)
#1 D:\xampp\htdocs\ansar_operation_web\ansar_operation_web\local\storage\framework\views\c928dc78e57460ddc03167503e4ed102d292375d.php(54): Raven_Breadcrumbs_ErrorHandler->handleError(8, 'Undefined prope...', 'D:\\xampp\\htdocs...', 54, Array)
#2 D:\xampp\htdocs\ansar_operation_web\ansar_operation_web\local\vendor\laravel\framework\src\Illuminate\View\Engines\PhpEngine.php(42): include('D:\\xampp\\htdocs...')
#3 D:\xampp\htdocs\ansar_operation_web\ansar_operation_web\local\vendor\laravel\framework\src\Illuminate\View\Engines\CompilerEngine.php(59): Illuminate\View\Engines\PhpEngine->evaluatePath('D:\\xampp\\htdocs...', Array)
#4 D:\xampp\htdocs\ansar_operation_web\ansar_operation_web\local\vendor\laravel\framework\src\Illuminate\View\View.php(149): Illuminate\View\Engines\CompilerEngine->get('D:\\xampp\\htdocs...', Array)
#5 D:\xampp\htdocs\ansar_operation_web\ansar_operation_web\local\vendor\laravel\framework\src\Illuminate\View\View.php(120): Illuminate\View\View->getContents()
#6 D:\xampp\htdocs\ansar_operation_web\ansar_operation_web\local\vendor\laravel\framework\src\Illuminate\View\View.php(85): Illuminate\View\View->renderContents()
#7 D:\xampp\htdocs\ansar_operation_web\ansar_operation_web\local\vendor\laravel\framework\src\Illuminate\Http\Response.php(53): Illuminate\View\View->render()
#8 D:\xampp\htdocs\ansar_operation_web\ansar_operation_web\local\vendor\symfony\http-foundation\Response.php(201): Illuminate\Http\Response->setContent(Object(Illuminate\View\View))
#9 D:\xampp\htdocs\ansar_operation_web\ansar_operation_web\local\vendor\laravel\framework\src\Illuminate\Routing\Router.php(1085): Symfony\Component\HttpFoundation\Response->__construct(Object(Illuminate\View\View))
#10 D:\xampp\htdocs\ansar_operation_web\ansar_operation_web\local\vendor\laravel\framework\src\Illuminate\Routing\ControllerDispatcher.php(94): Illuminate\Routing\Router->prepareResponse(Object(Illuminate\Http\Request), Object(Illuminate\View\View))
#11 [internal function]: Illuminate\Routing\ControllerDispatcher->Illuminate\Routing\{closure}(Object(Illuminate\Http\Request))
#12 D:\xampp\htdocs\ansar_operation_web\ansar_operation_web\local\vendor\laravel\framework\src\Illuminate\Routing\Pipeline.php(52): call_user_func(Object(Closure), Object(Illuminate\Http\Request))
#13 [internal function]: Illuminate\Routing\Pipeline->Illuminate\Routing\{closure}(Object(Illuminate\Http\Request))
#14 D:\xampp\htdocs\ansar_operation_web\ansar_operation_web\local\vendor\laravel\framework\src\Illuminate\Pipeline\Pipeline.php(102): call_user_func(Object(Closure), Object(Illuminate\Http\Request))
#15 D:\xampp\htdocs\ansar_operation_web\ansar_operation_web\local\vendor\laravel\framework\src\Illuminate\Routing\ControllerDispatcher.php(96): Illuminate\Pipeline\Pipeline->then(Object(Closure))
#16 D:\xampp\htdocs\ansar_operation_web\ansar_operation_web\local\vendor\laravel\framework\src\Illuminate\Routing\ControllerDispatcher.php(54): Illuminate\Routing\ControllerDispatcher->callWithinStack(Object(App\modules\operation\Controllers\AnsarVDPInfoController), Object(Illuminate\Routing\Route), Object(Illuminate\Http\Request), 'printIdCard')
#17 D:\xampp\htdocs\ansar_operation_web\ansar_operation_web\local\vendor\laravel\framework\src\Illuminate\Routing\Route.php(174): Illuminate\Routing\ControllerDispatcher->dispatch(Object(Illuminate\Routing\Route), Object(Illuminate\Http\Request), 'App\\modules\\ope...', 'printIdCard')
#18 D:\xampp\htdocs\ansar_operation_web\ansar_operation_web\local\vendor\laravel\framework\src\Illuminate\Routing\Route.php(140): Illuminate\Routing\Route->runController(Object(Illuminate\Http\Request))
#19 D:\xampp\htdocs\ansar_operation_web\ansar_operation_web\local\vendor\laravel\framework\src\Illuminate\Routing\Router.php(724): Illuminate\Routing\Route->run(Object(Illuminate\Http\Request))
#20 [internal function]: Illuminate\Routing\Router->Illuminate\Routing\{closure}(Object(Illuminate\Http\Request))
#21 D:\xampp\htdocs\ansar_operation_web\ansar_operation_web\local\vendor\laravel\framework\src\Illuminate\Routing\Pipeline.php(52): call_user_func(Object(Closure), Object(Illuminate\Http\Request))
#22 D:\xampp\htdocs\ansar_operation_web\ansar_operation_web\local\app\Http\Middleware\CheckUserPermission.php(39): Illuminate\Routing\Pipeline->Illuminate\Routing\{closure}(Object(Illuminate\Http\Request))
#23 [internal function]: App\Http\Middleware\CheckUserPermission->handle(Object(Illuminate\Http\Request), Object(Closure))
#24 D:\xampp\htdocs\ansar_operation_web\ansar_operation_web\local\vendor\laravel\framework\src\Illuminate\Pipeline\Pipeline.php(136): call_user_func_array(Array, Array)
#25 [internal function]: Illuminate\Pipeline\Pipeline->Illuminate\Pipeline\{closure}(Object(Illuminate\Http\Request))
#26 D:\xampp\htdocs\ansar_operation_web\ansar_operation_web\local\vendor\laravel\framework\src\Illuminate\Routing\Pipeline.php(32): call_user_func(Object(Closure), Object(Illuminate\Http\Request))
#27 D:\xampp\htdocs\ansar_operation_web\ansar_operation_web\local\app\Http\Middleware\CheckUserType.php(182): Illuminate\Routing\Pipeline->Illuminate\Routing\{closure}(Object(Illuminate\Http\Request))
#28 [internal function]: App\Http\Middleware\CheckUserType->handle(Object(Illuminate\Http\Request), Object(Closure))
#29 D:\xampp\htdocs\ansar_operation_web\ansar_operation_web\local\vendor\laravel\framework\src\Illuminate\Pipeline\Pipeline.php(136): call_user_func_array(Array, Array)
#30 [internal function]: Illuminate\Pipeline\Pipeline->Illuminate\Pipeline\{closure}(Object(Illuminate\Http\Request))
#31 D:\xampp\htdocs\ansar_operation_web\ansar_operation_web\local\vendor\laravel\framework\src\Illuminate\Routing\Pipeline.php(32): call_user_func(Object(Closure), Object(Illuminate\Http\Request))
#32 D:\xampp\htdocs\ansar_operation_web\ansar_operation_web\local\app\Http\Middleware\ManageDatabase.php(25): Illuminate\Routing\Pipeline->Illuminate\Routing\{closure}(Object(Illuminate\Http\Request))
#33 [internal function]: App\Http\Middleware\ManageDatabase->handle(Object(Illuminate\Http\Request), Object(Closure))
#34 D:\xampp\htdocs\ansar_operation_web\ansar_operation_web\local\vendor\laravel\framework\src\Illuminate\Pipeline\Pipeline.php(136): call_user_func_array(Array, Array)
#35 [internal function]: Illuminate\Pipeline\Pipeline->Illuminate\Pipeline\{closure}(Object(Illuminate\Http\Request))
#36 D:\xampp\htdocs\ansar_operation_web\ansar_operation_web\local\vendor\laravel\framework\src\Illuminate\Routing\Pipeline.php(32): call_user_func(Object(Closure), Object(Illuminate\Http\Request))
#37 D:\xampp\htdocs\ansar_operation_web\ansar_operation_web\local\app\Http\Middleware\CheckAuthentication.php(43): Illuminate\Routing\Pipeline->Illuminate\Routing\{closure}(Object(Illuminate\Http\Request))
#38 [internal function]: App\Http\Middleware\CheckAuthentication->handle(Object(Illuminate\Http\Request), Object(Closure))
#39 D:\xampp\htdocs\ansar_operation_web\ansar_operation_web\local\vendor\laravel\framework\src\Illuminate\Pipeline\Pipeline.php(136): call_user_func_array(Array, Array)
#40 [internal function]: Illuminate\Pipeline\Pipeline->Illuminate\Pipeline\{closure}(Object(Illuminate\Http\Request))
#41 D:\xampp\htdocs\ansar_operation_web\ansar_operation_web\local\vendor\laravel\framework\src\Illuminate\Routing\Pipeline.php(32): call_user_func(Object(Closure), Object(Illuminate\Http\Request))
#42 D:\xampp\htdocs\ansar_operation_web\ansar_operation_web\local\app\Http\Middleware\HRMMiddleware.php(28): Illuminate\Routing\Pipeline->Illuminate\Routing\{closure}(Object(Illuminate\Http\Request))
#43 [internal function]: App\Http\Middleware\HRMMiddleware->handle(Object(Illuminate\Http\Request), Object(Closure))
#44 D:\xampp\htdocs\ansar_operation_web\ansar_operation_web\local\vendor\laravel\framework\src\Illuminate\Pipeline\Pipeline.php(136): call_user_func_array(Array, Array)
#45 [internal function]: Illuminate\Pipeline\Pipeline->Illuminate\Pipeline\{closure}(Object(Illuminate\Http\Request))
#46 D:\xampp\htdocs\ansar_operation_web\ansar_operation_web\local\vendor\laravel\framework\src\Illuminate\Routing\Pipeline.php(32): call_user_func(Object(Closure), Object(Illuminate\Http\Request))
#47 [internal function]: Illuminate\Routing\Pipeline->Illuminate\Routing\{closure}(Object(Illuminate\Http\Request))
#48 D:\xampp\htdocs\ansar_operation_web\ansar_operation_web\local\vendor\laravel\framework\src\Illuminate\Pipeline\Pipeline.php(102): call_user_func(Object(Closure), Object(Illuminate\Http\Request))
#49 D:\xampp\htdocs\ansar_operation_web\ansar_operation_web\local\vendor\laravel\framework\src\Illuminate\Routing\Router.php(726): Illuminate\Pipeline\Pipeline->then(Object(Closure))
#50 D:\xampp\htdocs\ansar_operation_web\ansar_operation_web\local\vendor\laravel\framework\src\Illuminate\Routing\Router.php(699): Illuminate\Routing\Router->runRouteWithinStack(Object(Illuminate\Routing\Route), Object(Illuminate\Http\Request))
#51 D:\xampp\htdocs\ansar_operation_web\ansar_operation_web\local\vendor\laravel\framework\src\Illuminate\Routing\Router.php(675): Illuminate\Routing\Router->dispatchToRoute(Object(Illuminate\Http\Request))
#52 D:\xampp\htdocs\ansar_operation_web\ansar_operation_web\local\vendor\laravel\framework\src\Illuminate\Foundation\Http\Kernel.php(246): Illuminate\Routing\Router->dispatch(Object(Illuminate\Http\Request))
#53 [internal function]: Illuminate\Foundation\Http\Kernel->Illuminate\Foundation\Http\{closure}(Object(Illuminate\Http\Request))
#54 D:\xampp\htdocs\ansar_operation_web\ansar_operation_web\local\vendor\laravel\framework\src\Illuminate\Routing\Pipeline.php(52): call_user_func(Object(Closure), Object(Illuminate\Http\Request))
#55 D:\xampp\htdocs\ansar_operation_web\ansar_operation_web\local\app\Http\Middleware\ManageDatabase.php(25): Illuminate\Routing\Pipeline->Illuminate\Routing\{closure}(Object(Illuminate\Http\Request))
#56 [internal function]: App\Http\Middleware\ManageDatabase->handle(Object(Illuminate\Http\Request), Object(Closure))
#57 D:\xampp\htdocs\ansar_operation_web\ansar_operation_web\local\vendor\laravel\framework\src\Illuminate\Pipeline\Pipeline.php(136): call_user_func_array(Array, Array)
#58 [internal function]: Illuminate\Pipeline\Pipeline->Illuminate\Pipeline\{closure}(Object(Illuminate\Http\Request))
#59 D:\xampp\htdocs\ansar_operation_web\ansar_operation_web\local\vendor\laravel\framework\src\Illuminate\Routing\Pipeline.php(32): call_user_func(Object(Closure), Object(Illuminate\Http\Request))
#60 D:\xampp\htdocs\ansar_operation_web\ansar_operation_web\local\vendor\laravel\framework\src\Illuminate\Foundation\Http\Middleware\VerifyCsrfToken.php(64): Illuminate\Routing\Pipeline->Illuminate\Routing\{closure}(Object(Illuminate\Http\Request))
#61 [internal function]: Illuminate\Foundation\Http\Middleware\VerifyCsrfToken->handle(Object(Illuminate\Http\Request), Object(Closure))
#62 D:\xampp\htdocs\ansar_operation_web\ansar_operation_web\local\vendor\laravel\framework\src\Illuminate\Pipeline\Pipeline.php(136): call_user_func_array(Array, Array)
#63 [internal function]: Illuminate\Pipeline\Pipeline->Illuminate\Pipeline\{closure}(Object(Illuminate\Http\Request))
#64 D:\xampp\htdocs\ansar_operation_web\ansar_operation_web\local\vendor\laravel\framework\src\Illuminate\Routing\Pipeline.php(32): call_user_func(Object(Closure), Object(Illuminate\Http\Request))
#65 D:\xampp\htdocs\ansar_operation_web\ansar_operation_web\local\vendor\laravel\framework\src\Illuminate\View\Middleware\ShareErrorsFromSession.php(49): Illuminate\Routing\Pipeline->Illuminate\Routing\{closure}(Object(Illuminate\Http\Request))
#66 [internal function]: Illuminate\View\Middleware\ShareErrorsFromSession->handle(Object(Illuminate\Http\Request), Object(Closure))
#67 D:\xampp\htdocs\ansar_operation_web\ansar_operation_web\local\vendor\laravel\framework\src\Illuminate\Pipeline\Pipeline.php(136): call_user_func_array(Array, Array)
#68 [internal function]: Illuminate\Pipeline\Pipeline->Illuminate\Pipeline\{closure}(Object(Illuminate\Http\Request))
#69 D:\xampp\htdocs\ansar_operation_web\ansar_operation_web\local\vendor\laravel\framework\src\Illuminate\Routing\Pipeline.php(32): call_user_func(Object(Closure), Object(Illuminate\Http\Request))
#70 D:\xampp\htdocs\ansar_operation_web\ansar_operation_web\local\vendor\laravel\framework\src\Illuminate\Session\Middleware\StartSession.php(64): Illuminate\Routing\Pipeline->Illuminate\Routing\{closure}(Object(Illuminate\Http\Request))
#71 [internal function]: Illuminate\Session\Middleware\StartSession->handle(Object(Illuminate\Http\Request), Object(Closure))
#72 D:\xampp\htdocs\ansar_operation_web\ansar_operation_web\local\vendor\laravel\framework\src\Illuminate\Pipeline\Pipeline.php(136): call_user_func_array(Array, Array)
#73 [internal function]: Illuminate\Pipeline\Pipeline->Illuminate\Pipeline\{closure}(Object(Illuminate\Http\Request))
#74 D:\xampp\htdocs\ansar_operation_web\ansar_operation_web\local\vendor\laravel\framework\src\Illuminate\Routing\Pipeline.php(32): call_user_func(Object(Closure), Object(Illuminate\Http\Request))
#75 D:\xampp\htdocs\ansar_operation_web\ansar_operation_web\local\vendor\laravel\framework\src\Illuminate\Cookie\Middleware\AddQueuedCookiesToResponse.php(37): Illuminate\Routing\Pipeline->Illuminate\Routing\{closure}(Object(Illuminate\Http\Request))
#76 [internal function]: Illuminate\Cookie\Middleware\AddQueuedCookiesToResponse->handle(Object(Illuminate\Http\Request), Object(Closure))
#77 D:\xampp\htdocs\ansar_operation_web\ansar_operation_web\local\vendor\laravel\framework\src\Illuminate\Pipeline\Pipeline.php(136): call_user_func_array(Array, Array)
#78 [internal function]: Illuminate\Pipeline\Pipeline->Illuminate\Pipeline\{closure}(Object(Illuminate\Http\Request))
#79 D:\xampp\htdocs\ansar_operation_web\ansar_operation_web\local\vendor\laravel\framework\src\Illuminate\Routing\Pipeline.php(32): call_user_func(Object(Closure), Object(Illuminate\Http\Request))
#80 D:\xampp\htdocs\ansar_operation_web\ansar_operation_web\local\vendor\laravel\framework\src\Illuminate\Cookie\Middleware\EncryptCookies.php(59): Illuminate\Routing\Pipeline->Illuminate\Routing\{closure}(Object(Illuminate\Http\Request))
#81 [internal function]: Illuminate\Cookie\Middleware\EncryptCookies->handle(Object(Illuminate\Http\Request), Object(Closure))
#82 D:\xampp\htdocs\ansar_operation_web\ansar_operation_web\local\vendor\laravel\framework\src\Illuminate\Pipeline\Pipeline.php(136): call_user_func_array(Array, Array)
#83 [internal function]: Illuminate\Pipeline\Pipeline->Illuminate\Pipeline\{closure}(Object(Illuminate\Http\Request))
#84 D:\xampp\htdocs\ansar_operation_web\ansar_operation_web\local\vendor\laravel\framework\src\Illuminate\Routing\Pipeline.php(32): call_user_func(Object(Closure), Object(Illuminate\Http\Request))
#85 D:\xampp\htdocs\ansar_operation_web\ansar_operation_web\local\vendor\laravel\framework\src\Illuminate\Foundation\Http\Middleware\CheckForMaintenanceMode.php(44): Illuminate\Routing\Pipeline->Illuminate\Routing\{closure}(Object(Illuminate\Http\Request))
#86 [internal function]: Illuminate\Foundation\Http\Middleware\CheckForMaintenanceMode->handle(Object(Illuminate\Http\Request), Object(Closure))
#87 D:\xampp\htdocs\ansar_operation_web\ansar_operation_web\local\vendor\laravel\framework\src\Illuminate\Pipeline\Pipeline.php(136): call_user_func_array(Array, Array)
#88 [internal function]: Illuminate\Pipeline\Pipeline->Illuminate\Pipeline\{closure}(Object(Illuminate\Http\Request))
#89 D:\xampp\htdocs\ansar_operation_web\ansar_operation_web\local\vendor\laravel\framework\src\Illuminate\Routing\Pipeline.php(32): call_user_func(Object(Closure), Object(Illuminate\Http\Request))
#90 [internal function]: Illuminate\Routing\Pipeline->Illuminate\Routing\{closure}(Object(Illuminate\Http\Request))
#91 D:\xampp\htdocs\ansar_operation_web\ansar_operation_web\local\vendor\laravel\framework\src\Illuminate\Pipeline\Pipeline.php(102): call_user_func(Object(Closure), Object(Illuminate\Http\Request))
#92 D:\xampp\htdocs\ansar_operation_web\ansar_operation_web\local\vendor\laravel\framework\src\Illuminate\Foundation\Http\Kernel.php(132): Illuminate\Pipeline\Pipeline->then(Object(Closure))
#93 D:\xampp\htdocs\ansar_operation_web\ansar_operation_web\local\vendor\laravel\framework\src\Illuminate\Foundation\Http\Kernel.php(99): Illuminate\Foundation\Http\Kernel->sendRequestThroughRouter(Object(Illuminate\Http\Request))
#94 D:\xampp\htdocs\ansar_operation_web\ansar_operation_web\index.php(59): Illuminate\Foundation\Http\Kernel->handle(Object(Illuminate\Http\Request))
#95 {main}

Next ErrorException: Undefined property: stdClass::$union_name (View: D:\xampp\htdocs\ansar_operation_web\ansar_operation_web\local\app\modules\operation\Views\Report\member_id_card_font.blade.php) in D:\xampp\htdocs\ansar_operation_web\ansar_operation_web\local\storage\framework\views\c928dc78e57460ddc03167503e4ed102d292375d.php:54
Stack trace:
#0 D:\xampp\htdocs\ansar_operation_web\ansar_operation_web\local\vendor\laravel\framework\src\Illuminate\View\Engines\PhpEngine.php(44): Illuminate\View\Engines\CompilerEngine->handleViewException(Object(ErrorException), 1)
#1 D:\xampp\htdocs\ansar_operation_web\ansar_operation_web\local\vendor\laravel\framework\src\Illuminate\View\Engines\CompilerEngine.php(59): Illuminate\View\Engines\PhpEngine->evaluatePath('D:\\xampp\\htdocs...', Array)
#2 D:\xampp\htdocs\ansar_operation_web\ansar_operation_web\local\vendor\laravel\framework\src\Illuminate\View\View.php(149): Illuminate\View\Engines\CompilerEngine->get('D:\\xampp\\htdocs...', Array)
#3 D:\xampp\htdocs\ansar_operation_web\ansar_operation_web\local\vendor\laravel\framework\src\Illuminate\View\View.php(120): Illuminate\View\View->getContents()
#4 D:\xampp\htdocs\ansar_operation_web\ansar_operation_web\local\vendor\laravel\framework\src\Illuminate\View\View.php(85): Illuminate\View\View->renderContents()
#5 D:\xampp\htdocs\ansar_operation_web\ansar_operation_web\local\vendor\laravel\framework\src\Illuminate\Http\Response.php(53): Illuminate\View\View->render()
#6 D:\xampp\htdocs\ansar_operation_web\ansar_operation_web\local\vendor\symfony\http-foundation\Response.php(201): Illuminate\Http\Response->setContent(Object(Illuminate\View\View))
#7 D:\xampp\htdocs\ansar_operation_web\ansar_operation_web\local\vendor\laravel\framework\src\Illuminate\Routing\Router.php(1085): Symfony\Component\HttpFoundation\Response->__construct(Object(Illuminate\View\View))
#8 D:\xampp\htdocs\ansar_operation_web\ansar_operation_web\local\vendor\laravel\framework\src\Illuminate\Routing\ControllerDispatcher.php(94): Illuminate\Routing\Router->prepareResponse(Object(Illuminate\Http\Request), Object(Illuminate\View\View))
#9 [internal function]: Illuminate\Routing\ControllerDispatcher->Illuminate\Routing\{closure}(Object(Illuminate\Http\Request))
#10 D:\xampp\htdocs\ansar_operation_web\ansar_operation_web\local\vendor\laravel\framework\src\Illuminate\Routing\Pipeline.php(52): call_user_func(Object(Closure), Object(Illuminate\Http\Request))
#11 [internal function]: Illuminate\Routing\Pipeline->Illuminate\Routing\{closure}(Object(Illuminate\Http\Request))
#12 D:\xampp\htdocs\ansar_operation_web\ansar_operation_web\local\vendor\laravel\framework\src\Illuminate\Pipeline\Pipeline.php(102): call_user_func(Object(Closure), Object(Illuminate\Http\Request))
#13 D:\xampp\htdocs\ansar_operation_web\ansar_operation_web\local\vendor\laravel\framework\src\Illuminate\Routing\ControllerDispatcher.php(96): Illuminate\Pipeline\Pipeline->then(Object(Closure))
#14 D:\xampp\htdocs\ansar_operation_web\ansar_operation_web\local\vendor\laravel\framework\src\Illuminate\Routing\ControllerDispatcher.php(54): Illuminate\Routing\ControllerDispatcher->callWithinStack(Object(App\modules\operation\Controllers\AnsarVDPInfoController), Object(Illuminate\Routing\Route), Object(Illuminate\Http\Request), 'printIdCard')
#15 D:\xampp\htdocs\ansar_operation_web\ansar_operation_web\local\vendor\laravel\framework\src\Illuminate\Routing\Route.php(174): Illuminate\Routing\ControllerDispatcher->dispatch(Object(Illuminate\Routing\Route), Object(Illuminate\Http\Request), 'App\\modules\\ope...', 'printIdCard')
#16 D:\xampp\htdocs\ansar_operation_web\ansar_operation_web\local\vendor\laravel\framework\src\Illuminate\Routing\Route.php(140): Illuminate\Routing\Route->runController(Object(Illuminate\Http\Request))
#17 D:\xampp\htdocs\ansar_operation_web\ansar_operation_web\local\vendor\laravel\framework\src\Illuminate\Routing\Router.php(724): Illuminate\Routing\Route->run(Object(Illuminate\Http\Request))
#18 [internal function]: Illuminate\Routing\Router->Illuminate\Routing\{closure}(Object(Illuminate\Http\Request))
#19 D:\xampp\htdocs\ansar_operation_web\ansar_operation_web\local\vendor\laravel\framework\src\Illuminate\Routing\Pipeline.php(52): call_user_func(Object(Closure), Object(Illuminate\Http\Request))
#20 D:\xampp\htdocs\ansar_operation_web\ansar_operation_web\local\app\Http\Middleware\CheckUserPermission.php(39): Illuminate\Routing\Pipeline->Illuminate\Routing\{closure}(Object(Illuminate\Http\Request))
#21 [internal function]: App\Http\Middleware\CheckUserPermission->handle(Object(Illuminate\Http\Request), Object(Closure))
#22 D:\xampp\htdocs\ansar_operation_web\ansar_operation_web\local\vendor\laravel\framework\src\Illuminate\Pipeline\Pipeline.php(136): call_user_func_array(Array, Array)
#23 [internal function]: Illuminate\Pipeline\Pipeline->Illuminate\Pipeline\{closure}(Object(Illuminate\Http\Request))
#24 D:\xampp\htdocs\ansar_operation_web\ansar_operation_web\local\vendor\laravel\framework\src\Illuminate\Routing\Pipeline.php(32): call_user_func(Object(Closure), Object(Illuminate\Http\Request))
#25 D:\xampp\htdocs\ansar_operation_web\ansar_operation_web\local\app\Http\Middleware\CheckUserType.php(182): Illuminate\Routing\Pipeline->Illuminate\Routing\{closure}(Object(Illuminate\Http\Request))
#26 [internal function]: App\Http\Middleware\CheckUserType->handle(Object(Illuminate\Http\Request), Object(Closure))
#27 D:\xampp\htdocs\ansar_operation_web\ansar_operation_web\local\vendor\laravel\framework\src\Illuminate\Pipeline\Pipeline.php(136): call_user_func_array(Array, Array)
#28 [internal function]: Illuminate\Pipeline\Pipeline->Illuminate\Pipeline\{closure}(Object(Illuminate\Http\Request))
#29 D:\xampp\htdocs\ansar_operation_web\ansar_operation_web\local\vendor\laravel\framework\src\Illuminate\Routing\Pipeline.php(32): call_user_func(Object(Closure), Object(Illuminate\Http\Request))
#30 D:\xampp\htdocs\ansar_operation_web\ansar_operation_web\local\app\Http\Middleware\ManageDatabase.php(25): Illuminate\Routing\Pipeline->Illuminate\Routing\{closure}(Object(Illuminate\Http\Request))
#31 [internal function]: App\Http\Middleware\ManageDatabase->handle(Object(Illuminate\Http\Request), Object(Closure))
#32 D:\xampp\htdocs\ansar_operation_web\ansar_operation_web\local\vendor\laravel\framework\src\Illuminate\Pipeline\Pipeline.php(136): call_user_func_array(Array, Array)
#33 [internal function]: Illuminate\Pipeline\Pipeline->Illuminate\Pipeline\{closure}(Object(Illuminate\Http\Request))
#34 D:\xampp\htdocs\ansar_operation_web\ansar_operation_web\local\vendor\laravel\framework\src\Illuminate\Routing\Pipeline.php(32): call_user_func(Object(Closure), Object(Illuminate\Http\Request))
#35 D:\xampp\htdocs\ansar_operation_web\ansar_operation_web\local\app\Http\Middleware\CheckAuthentication.php(43): Illuminate\Routing\Pipeline->Illuminate\Routing\{closure}(Object(Illuminate\Http\Request))
#36 [internal function]: App\Http\Middleware\CheckAuthentication->handle(Object(Illuminate\Http\Request), Object(Closure))
#37 D:\xampp\htdocs\ansar_operation_web\ansar_operation_web\local\vendor\laravel\framework\src\Illuminate\Pipeline\Pipeline.php(136): call_user_func_array(Array, Array)
#38 [internal function]: Illuminate\Pipeline\Pipeline->Illuminate\Pipeline\{closure}(Object(Illuminate\Http\Request))
#39 D:\xampp\htdocs\ansar_operation_web\ansar_operation_web\local\vendor\laravel\framework\src\Illuminate\Routing\Pipeline.php(32): call_user_func(Object(Closure), Object(Illuminate\Http\Request))
#40 D:\xampp\htdocs\ansar_operation_web\ansar_operation_web\local\app\Http\Middleware\HRMMiddleware.php(28): Illuminate\Routing\Pipeline->Illuminate\Routing\{closure}(Object(Illuminate\Http\Request))
#41 [internal function]: App\Http\Middleware\HRMMiddleware->handle(Object(Illuminate\Http\Request), Object(Closure))
#42 D:\xampp\htdocs\ansar_operation_web\ansar_operation_web\local\vendor\laravel\framework\src\Illuminate\Pipeline\Pipeline.php(136): call_user_func_array(Array, Array)
#43 [internal function]: Illuminate\Pipeline\Pipeline->Illuminate\Pipeline\{closure}(Object(Illuminate\Http\Request))
#44 D:\xampp\htdocs\ansar_operation_web\ansar_operation_web\local\vendor\laravel\framework\src\Illuminate\Routing\Pipeline.php(32): call_user_func(Object(Closure), Object(Illuminate\Http\Request))
#45 [internal function]: Illuminate\Routing\Pipeline->Illuminate\Routing\{closure}(Object(Illuminate\Http\Request))
#46 D:\xampp\htdocs\ansar_operation_web\ansar_operation_web\local\vendor\laravel\framework\src\Illuminate\Pipeline\Pipeline.php(102): call_user_func(Object(Closure), Object(Illuminate\Http\Request))
#47 D:\xampp\htdocs\ansar_operation_web\ansar_operation_web\local\vendor\laravel\framework\src\Illuminate\Routing\Router.php(726): Illuminate\Pipeline\Pipeline->then(Object(Closure))
#48 D:\xampp\htdocs\ansar_operation_web\ansar_operation_web\local\vendor\laravel\framework\src\Illuminate\Routing\Router.php(699): Illuminate\Routing\Router->runRouteWithinStack(Object(Illuminate\Routing\Route), Object(Illuminate\Http\Request))
#49 D:\xampp\htdocs\ansar_operation_web\ansar_operation_web\local\vendor\laravel\framework\src\Illuminate\Routing\Router.php(675): Illuminate\Routing\Router->dispatchToRoute(Object(Illuminate\Http\Request))
#50 D:\xampp\htdocs\ansar_operation_web\ansar_operation_web\local\vendor\laravel\framework\src\Illuminate\Foundation\Http\Kernel.php(246): Illuminate\Routing\Router->dispatch(Object(Illuminate\Http\Request))
#51 [internal function]: Illuminate\Foundation\Http\Kernel->Illuminate\Foundation\Http\{closure}(Object(Illuminate\Http\Request))
#52 D:\xampp\htdocs\ansar_operation_web\ansar_operation_web\local\vendor\laravel\framework\src\Illuminate\Routing\Pipeline.php(52): call_user_func(Object(Closure), Object(Illuminate\Http\Request))
#53 D:\xampp\htdocs\ansar_operation_web\ansar_operation_web\local\app\Http\Middleware\ManageDatabase.php(25): Illuminate\Routing\Pipeline->Illuminate\Routing\{closure}(Object(Illuminate\Http\Request))
#54 [internal function]: App\Http\Middleware\ManageDatabase->handle(Object(Illuminate\Http\Request), Object(Closure))
#55 D:\xampp\htdocs\ansar_operation_web\ansar_operation_web\local\vendor\laravel\framework\src\Illuminate\Pipeline\Pipeline.php(136): call_user_func_array(Array, Array)
#56 [internal function]: Illuminate\Pipeline\Pipeline->Illuminate\Pipeline\{closure}(Object(Illuminate\Http\Request))
#57 D:\xampp\htdocs\ansar_operation_web\ansar_operation_web\local\vendor\laravel\framework\src\Illuminate\Routing\Pipeline.php(32): call_user_func(Object(Closure), Object(Illuminate\Http\Request))
#58 D:\xampp\htdocs\ansar_operation_web\ansar_operation_web\local\vendor\laravel\framework\src\Illuminate\Foundation\Http\Middleware\VerifyCsrfToken.php(64): Illuminate\Routing\Pipeline->Illuminate\Routing\{closure}(Object(Illuminate\Http\Request))
#59 [internal function]: Illuminate\Foundation\Http\Middleware\VerifyCsrfToken->handle(Object(Illuminate\Http\Request), Object(Closure))
#60 D:\xampp\htdocs\ansar_operation_web\ansar_operation_web\local\vendor\laravel\framework\src\Illuminate\Pipeline\Pipeline.php(136): call_user_func_array(Array, Array)
#61 [internal function]: Illuminate\Pipeline\Pipeline->Illuminate\Pipeline\{closure}(Object(Illuminate\Http\Request))
#62 D:\xampp\htdocs\ansar_operation_web\ansar_operation_web\local\vendor\laravel\framework\src\Illuminate\Routing\Pipeline.php(32): call_user_func(Object(Closure), Object(Illuminate\Http\Request))
#63 D:\xampp\htdocs\ansar_operation_web\ansar_operation_web\local\vendor\laravel\framework\src\Illuminate\View\Middleware\ShareErrorsFromSession.php(49): Illuminate\Routing\Pipeline->Illuminate\Routing\{closure}(Object(Illuminate\Http\Request))
#64 [internal function]: Illuminate\View\Middleware\ShareErrorsFromSession->handle(Object(Illuminate\Http\Request), Object(Closure))
#65 D:\xampp\htdocs\ansar_operation_web\ansar_operation_web\local\vendor\laravel\framework\src\Illuminate\Pipeline\Pipeline.php(136): call_user_func_array(Array, Array)
#66 [internal function]: Illuminate\Pipeline\Pipeline->Illuminate\Pipeline\{closure}(Object(Illuminate\Http\Request))
#67 D:\xampp\htdocs\ansar_operation_web\ansar_operation_web\local\vendor\laravel\framework\src\Illuminate\Routing\Pipeline.php(32): call_user_func(Object(Closure), Object(Illuminate\Http\Request))
#68 D:\xampp\htdocs\ansar_operation_web\ansar_operation_web\local\vendor\laravel\framework\src\Illuminate\Session\Middleware\StartSession.php(64): Illuminate\Routing\Pipeline->Illuminate\Routing\{closure}(Object(Illuminate\Http\Request))
#69 [internal function]: Illuminate\Session\Middleware\StartSession->handle(Object(Illuminate\Http\Request), Object(Closure))
#70 D:\xampp\htdocs\ansar_operation_web\ansar_operation_web\local\vendor\laravel\framework\src\Illuminate\Pipeline\Pipeline.php(136): call_user_func_array(Array, Array)
#71 [internal function]: Illuminate\Pipeline\Pipeline->Illuminate\Pipeline\{closure}(Object(Illuminate\Http\Request))
#72 D:\xampp\htdocs\ansar_operation_web\ansar_operation_web\local\vendor\laravel\framework\src\Illuminate\Routing\Pipeline.php(32): call_user_func(Object(Closure), Object(Illuminate\Http\Request))
#73 D:\xampp\htdocs\ansar_operation_web\ansar_operation_web\local\vendor\laravel\framework\src\Illuminate\Cookie\Middleware\AddQueuedCookiesToResponse.php(37): Illuminate\Routing\Pipeline->Illuminate\Routing\{closure}(Object(Illuminate\Http\Request))
#74 [internal function]: Illuminate\Cookie\Middleware\AddQueuedCookiesToResponse->handle(Object(Illuminate\Http\Request), Object(Closure))
#75 D:\xampp\htdocs\ansar_operation_web\ansar_operation_web\local\vendor\laravel\framework\src\Illuminate\Pipeline\Pipeline.php(136): call_user_func_array(Array, Array)
#76 [internal function]: Illuminate\Pipeline\Pipeline->Illuminate\Pipeline\{closure}(Object(Illuminate\Http\Request))
#77 D:\xampp\htdocs\ansar_operation_web\ansar_operation_web\local\vendor\laravel\framework\src\Illuminate\Routing\Pipeline.php(32): call_user_func(Object(Closure), Object(Illuminate\Http\Request))
#78 D:\xampp\htdocs\ansar_operation_web\ansar_operation_web\local\vendor\laravel\framework\src\Illuminate\Cookie\Middleware\EncryptCookies.php(59): Illuminate\Routing\Pipeline->Illuminate\Routing\{closure}(Object(Illuminate\Http\Request))
#79 [internal function]: Illuminate\Cookie\Middleware\EncryptCookies->handle(Object(Illuminate\Http\Request), Object(Closure))
#80 D:\xampp\htdocs\ansar_operation_web\ansar_operation_web\local\vendor\laravel\framework\src\Illuminate\Pipeline\Pipeline.php(136): call_user_func_array(Array, Array)
#81 [internal function]: Illuminate\Pipeline\Pipeline->Illuminate\Pipeline\{closure}(Object(Illuminate\Http\Request))
#82 D:\xampp\htdocs\ansar_operation_web\ansar_operation_web\local\vendor\laravel\framework\src\Illuminate\Routing\Pipeline.php(32): call_user_func(Object(Closure), Object(Illuminate\Http\Request))
#83 D:\xampp\htdocs\ansar_operation_web\ansar_operation_web\local\vendor\laravel\framework\src\Illuminate\Foundation\Http\Middleware\CheckForMaintenanceMode.php(44): Illuminate\Routing\Pipeline->Illuminate\Routing\{closure}(Object(Illuminate\Http\Request))
#84 [internal function]: Illuminate\Foundation\Http\Middleware\CheckForMaintenanceMode->handle(Object(Illuminate\Http\Request), Object(Closure))
#85 D:\xampp\htdocs\ansar_operation_web\ansar_operation_web\local\vendor\laravel\framework\src\Illuminate\Pipeline\Pipeline.php(136): call_user_func_array(Array, Array)
#86 [internal function]: Illuminate\Pipeline\Pipeline->Illuminate\Pipeline\{closure}(Object(Illuminate\Http\Request))
#87 D:\xampp\htdocs\ansar_operation_web\ansar_operation_web\local\vendor\laravel\framework\src\Illuminate\Routing\Pipeline.php(32): call_user_func(Object(Closure), Object(Illuminate\Http\Request))
#88 [internal function]: Illuminate\Routing\Pipeline->Illuminate\Routing\{closure}(Object(Illuminate\Http\Request))
#89 D:\xampp\htdocs\ansar_operation_web\ansar_operation_web\local\vendor\laravel\framework\src\Illuminate\Pipeline\Pipeline.php(102): call_user_func(Object(Closure), Object(Illuminate\Http\Request))
#90 D:\xampp\htdocs\ansar_operation_web\ansar_operation_web\local\vendor\laravel\framework\src\Illuminate\Foundation\Http\Kernel.php(132): Illuminate\Pipeline\Pipeline->then(Object(Closure))
#91 D:\xampp\htdocs\ansar_operation_web\ansar_operation_web\local\vendor\laravel\framework\src\Illuminate\Foundation\Http\Kernel.php(99): Illuminate\Foundation\Http\Kernel->sendRequestThroughRouter(Object(Illuminate\Http\Request))
#92 D:\xampp\htdocs\ansar_operation_web\ansar_operation_web\index.php(59): Illuminate\Foundation\Http\Kernel->handle(Object(Illuminate\Http\Request))
#93 {main}  
